<?xml version="1.0" encoding="UTF-8"?>
<!-- Generated by org.testng.reporters.JUnitXMLReporter -->
<testsuite hostname="alok-PC" name="OrangeHRM on Firefox" tests="4" failures="0" timestamp="11 Dec 2015 07:17:52 GMT" time="94.336" errors="0">
  <testcase name="loginTest" time="23.186" classname="com.orangehrm.testsuite.Login"/>
  <testcase name="addEmployeeTest" time="63.014" classname="com.orangehrm.testsuite.AddEmployee"/>
  <testcase name="screenShotTest" time="4.597" classname="com.orangehrm.testsuite.TakeScreenShot"/>
  <testcase name="logout_Test" time="3.481" classname="com.orangehrm.testsuite.Logout"/>
</testsuite> <!-- OrangeHRM on Firefox -->
