<?xml version="1.0" encoding="UTF-8"?>
<testng-results skipped="0" failed="0" total="4" passed="4">
  <reporter-output>
  </reporter-output>
  <suite name="OrangeHRM Test Suite" duration-ms="94336" started-at="2015-12-11T07:16:17Z" finished-at="2015-12-11T07:17:52Z">
    <groups>
    </groups>
    <test name="OrangeHRM on Firefox" duration-ms="94336" started-at="2015-12-11T07:16:17Z" finished-at="2015-12-11T07:17:52Z">
      <class name="com.orangehrm.testsuite.Logout">
        <test-method status="PASS" signature="logout_Test()[pri:0, instance:com.orangehrm.testsuite.Logout@fb4a64]" name="logout_Test" duration-ms="3481" started-at="2015-12-11T12:47:48Z" finished-at="2015-12-11T12:47:52Z">
          <reporter-output>
          </reporter-output>
        </test-method> <!-- logout_Test -->
      </class> <!-- com.orangehrm.testsuite.Logout -->
      <class name="com.orangehrm.testsuite.Login">
        <test-method status="PASS" signature="loginTest(java.lang.String)[pri:0, instance:com.orangehrm.testsuite.Login@4aed64]" name="loginTest" duration-ms="23186" started-at="2015-12-11T12:46:17Z" finished-at="2015-12-11T12:46:40Z">
          <params>
            <param index="0">
              <value>
                <![CDATA[firefox]]>
              </value>
            </param>
          </params>
          <reporter-output>
          </reporter-output>
        </test-method> <!-- loginTest -->
      </class> <!-- com.orangehrm.testsuite.Login -->
      <class name="com.orangehrm.testsuite.TakeScreenShot">
        <test-method status="PASS" signature="screenShotTest()[pri:0, instance:com.orangehrm.testsuite.TakeScreenShot@1f2a7d5]" name="screenShotTest" duration-ms="4597" started-at="2015-12-11T12:47:44Z" finished-at="2015-12-11T12:47:48Z">
          <reporter-output>
          </reporter-output>
        </test-method> <!-- screenShotTest -->
      </class> <!-- com.orangehrm.testsuite.TakeScreenShot -->
      <class name="com.orangehrm.testsuite.AddEmployee">
        <test-method status="PASS" signature="addEmployeeTest()[pri:0, instance:com.orangehrm.testsuite.AddEmployee@1a92922]" name="addEmployeeTest" duration-ms="63014" started-at="2015-12-11T12:46:40Z" finished-at="2015-12-11T12:47:43Z">
          <reporter-output>
          </reporter-output>
        </test-method> <!-- addEmployeeTest -->
      </class> <!-- com.orangehrm.testsuite.AddEmployee -->
    </test> <!-- OrangeHRM on Firefox -->
  </suite> <!-- OrangeHRM Test Suite -->
</testng-results>
